<?xml version="1.0" encoding="UTF-8"?>
<!-- Generated by org.testng.reporters.JUnitReportReporter -->
<testsuite hostname="MSRHWMAC008.local" failures="0" tests="1" name="testCases.TC_AccountRegistration" time="5.332" errors="0" timestamp="2024-08-22T16:41:55 IST" skipped="0">
  <testcase classname="testCases.TC_AccountRegistration" name="AccRegistration" time="5.332"/>
</testsuite> <!-- testCases.TC_AccountRegistration -->
